{
  "RSpec": {
    "coverage": {
      "/Users/Tyler/turing/projects/git_it_and_quit_it/app/helpers/application_helper.rb": [
        1,
        null
      ],
      "/Users/Tyler/turing/projects/git_it_and_quit_it/app/helpers/dashboard_helper.rb": [
        1,
        null
      ],
      "/Users/Tyler/turing/projects/git_it_and_quit_it/app/helpers/sessions_helper.rb": [
        1,
        null
      ],
      "/Users/Tyler/turing/projects/git_it_and_quit_it/app/helpers/welcome_helper.rb": [
        1,
        null
      ],
      "/Users/Tyler/turing/projects/git_it_and_quit_it/app/controllers/dashboard_controller.rb": [
        1,
        1,
        null,
        1,
        null,
        null
      ],
      "/Users/Tyler/turing/projects/git_it_and_quit_it/app/controllers/application_controller.rb": [
        1,
        null,
        null,
        1,
        null,
        1,
        null,
        1,
        null,
        1,
        21,
        null,
        null,
        1,
        3,
        null,
        null
      ],
      "/Users/Tyler/turing/projects/git_it_and_quit_it/app/controllers/sessions_controller.rb": [
        1,
        1,
        3,
        3,
        3,
        3,
        null,
        null,
        null,
        1,
        0,
        0,
        null,
        null,
        1,
        null,
        1,
        3,
        null,
        null
      ],
      "/Users/Tyler/turing/projects/git_it_and_quit_it/app/controllers/welcome_controller.rb": [
        1,
        1,
        null,
        null
      ],
      "/Users/Tyler/turing/projects/git_it_and_quit_it/app/models/user.rb": [
        1,
        1,
        3,
        3,
        3,
        3,
        3,
        3,
        null,
        3,
        null,
        null,
        1,
        1,
        null,
        null,
        1,
        4,
        null,
        null,
        1,
        1,
        null,
        null,
        1,
        3,
        null,
        null,
        1,
        1,
        31,
        null,
        null,
        1,
        0,
        0,
        null,
        null,
        1,
        1,
        0,
        0,
        null,
        null,
        1,
        0,
        0,
        null,
        null,
        1,
        1,
        0,
        0,
        null,
        null,
        1,
        1,
        null,
        null,
        1,
        1,
        1,
        1,
        null,
        1,
        null,
        null,
        1,
        null,
        1,
        10,
        null,
        null,
        1,
        0,
        0,
        null,
        null,
        1,
        0,
        0,
        null,
        null,
        1,
        1,
        null,
        null,
        1,
        1,
        1,
        null,
        null,
        1,
        1,
        1,
        null,
        null
      ]
    },
    "timestamp": 1441995145
  }
}
